INFO  started: Metals version 0.8.1 in workspace '/home/razor/projects/random-word-api'
INFO  time: initialize in 1.07s
INFO  running '/usr/lib/jvm/java-11-openjdk/bin/java -Djline.terminal=jline.UnsupportedTerminal -Dsbt.log.noformat=true -Dfile.encoding=UTF-8 -jar /tmp/metals12198554927757086938/sbt-launch.jar -Dbloop.export-jar-classifiers=sources bloopInstall'
INFO  skipping build import with status 'Started'
INFO  [info] Loading settings for project random-word-api-build from metals.sbt,build.sbt ...
INFO  [info] Loading project definition from /home/razor/projects/random-word-api/project
INFO  [warn] There may be incompatibilities among your library dependencies; run 'evicted' to see detailed eviction warnings.
INFO  [info] Loading settings for project random-word-api from build.sbt ...
INFO  [info] Set current project to random-word-api (in build file:/home/razor/projects/random-word-api/)
INFO  [warn] There may be incompatibilities among your library dependencies; run 'evicted' to see detailed eviction warnings.
INFO  [warn] There may be incompatibilities among your library dependencies; run 'evicted' to see detailed eviction warnings.
INFO  [success] Generated .bloop/random-word-api.json
INFO  [success] Generated .bloop/random-word-api-test.json
INFO  [success] Total time: 1 s, completed Mar 6, 2020, 5:54:46 PM
INFO  build tool exit: 0
INFO  time: ran 'sbt bloopInstall' in 21s
Starting the bsp launcher for bloop...
Opening a bsp server connection with 'bsp --protocol local --socket /tmp/bsp-launcher6147750961310381991/bsp.socket'...
Waiting for the bsp connection to come up...
Waiting for the bsp connection to come up...
Waiting for the bsp connection to come up...
Waiting for the bsp connection to come up...
No server running at 127.0.0.1:8212, let's fire one...
Resolving ch.epfl.scala:bloop-frontend_2.12:1.4.0-RC1-69-693de22a...
Starting bloop server at 127.0.0.1:8212...
Attempting a connection to the server...
Attempting a connection to the server...
Attempting a connection to the server...
Attempting a connection to the server...
Attempting a connection to the server...
[0m[32m[D][0m Loading 2 projects from '/home/razor/projects/random-word-api/.bloop'...
[0m[32m[D][0m Loading project from '/home/razor/projects/random-word-api/.bloop/random-word-api-test.json'
[0m[32m[D][0m Loading project from '/home/razor/projects/random-word-api/.bloop/random-word-api.json'
[0m[32m[D][0m Cache miss for scala instance org.scala-lang:scala-compiler:2.13.1.
[0m[32m[D][0m   => /home/razor/.cache/coursier/v1/https/repo1.maven.org/maven2/jline/jline/2.14.6/jline-2.14.6.jar
[0m[32m[D][0m   => /home/razor/.cache/coursier/v1/https/repo1.maven.org/maven2/org/fusesource/jansi/jansi/1.12/jansi-1.12.jar
[0m[32m[D][0m   => /home/razor/.cache/coursier/v1/https/repo1.maven.org/maven2/org/scala-lang/scala-compiler/2.13.1/scala-compiler-2.13.1.jar
[0m[32m[D][0m   => /home/razor/.cache/coursier/v1/https/repo1.maven.org/maven2/org/scala-lang/scala-library/2.13.1/scala-library-2.13.1.jar
[0m[32m[D][0m   => /home/razor/.cache/coursier/v1/https/repo1.maven.org/maven2/org/scala-lang/scala-reflect/2.13.1/scala-reflect-2.13.1.jar
[0m[32m[D][0m Missing analysis file for project 'random-word-api-test'
[0m[32m[D][0m Missing analysis file for project 'random-word-api'
[0m[32m[D][0m Waiting for a connection at local:///tmp/bsp-launcher6147750961310381991/bsp.socket...
The server is listening for incoming connections at local:///tmp/bsp-launcher6147750961310381991/bsp.socket...
Starting thread that pumps stdin and redirects it to the bsp server...
Starting thread that pumps server stdout and redirects it to the client stdout...
INFO  tracing is disabled for protocol BSP, to enable tracing of incoming and outgoing JSON messages create an empty file at /home/razor/.cache/metals/bsp.trace.json
INFO  time: connected to build server in 3.54s
INFO  Connected to Build server v1.4.0-RC1-69-693de22a
INFO  time: imported build in 0.12s
WARN  Could not find java sources in None. Java symbols will not be available.
INFO  time: indexed workspace in 2.36s
INFO  shutting down Metals
No more data in the client stdin, exiting...
No more data in the server stdin, exiting...
No more data in the server stdin, exiting...
